29-10-25 14:42:41 [INFO] Email enviado para: haddad.bruno00@gmail.com
29-10-25 14:42:42 [INFO] Notificação enviada para slack: *Novo Lead Recebido!*
        *Nome:* renato
        *Email:* renato@gmail.com
        *Telefone:* 11991485252
        *Assunto:* Preciso de ajuda!!!
        *Data:* 29/10/2025
29-10-25 14:42:42 [INFO] Novo Lead Recebido: renato - renato@gmail.com
29-10-25 14:44:09 [INFO] Email enviado para: haddad.bruno00@gmail.com
29-10-25 14:44:10 [INFO] Notificação enviada para slack: *Novo Lead Recebido!*
        *Nome:* jose roberto
        *Email:* phadmrural@gmail.com
        *Telefone:* 11991485252
        *Assunto:* dasdasd
        *Data:* 29/10/2025
29-10-25 14:44:10 [INFO] Novo Lead Recebido: jose roberto - phadmrural@gmail.com
29-10-25 14:50:27 [INFO] Email enviado para: haddad.bruno00@gmail.com
29-10-25 14:50:27 [INFO] Notificação enviada para slack: *Novo Lead Recebido!*
        *Nome:* Bruno Haddad
        *Email:* bruno@gmail.com
        *Telefone:* 11991485252
        *Assunto:* Testando
        *Data:* 29/10/2025
29-10-25 14:50:27 [INFO] Novo Lead Recebido: Bruno Haddad - bruno@gmail.com
29-10-25 14:54:00 [INFO] Email enviado para: haddad.bruno00@gmail.com
29-10-25 14:54:01 [INFO] Notificação enviada para slack: *Novo Lead Recebido!*
        *Nome:* sdas
        *Email:* phadmrural@gmail.com
        *Telefone:* 11991485252
        *Assunto:* dasdas
        *Data:* 29/10/2025
29-10-25 14:54:01 [INFO] Novo Lead Recebido: sdas - phadmrural@gmail.com
29-10-25 14:54:48 [INFO] Email enviado para: haddad.bruno00@gmail.com
29-10-25 14:54:49 [INFO] Notificação enviada para slack: *Novo Lead Recebido!*
        *Nome:* jose roberto
        *Email:* joseroberto@gmail.com
        *Telefone:* 11991485252
        *Assunto:* 1212131231
        *Data:* 29/10/2025
29-10-25 14:54:49 [INFO] Novo Lead Recebido: jose roberto - joseroberto@gmail.com
29-10-25 15:10:48 [INFO] Email enviado para: haddad.bruno00@gmail.com
29-10-25 15:10:48 [INFO] Notificação enviada para slack: *Novo Lead Recebido!*
        *Nome:* jose roberto
        *Email:* joseroberto@gmail.com
        *Telefone:* 11991485252
        *Assunto:* ola
        *Data:* 29/10/2025
29-10-25 15:10:48 [INFO] Novo Lead Recebido: jose roberto - joseroberto@gmail.com
29-10-25 15:11:05 [INFO] Email enviado para: haddad.bruno00@gmail.com
29-10-25 15:11:06 [INFO] Notificação enviada para slack: *Novo Lead Recebido!*
        *Nome:* jose roberto
        *Email:* joseroberto@gmail.com
        *Telefone:* 11991485252
        *Assunto:* ola testando
        *Data:* 29/10/2025
29-10-25 15:11:06 [INFO] Novo Lead Recebido: jose roberto - joseroberto@gmail.com
